C:\USERS\01KRI\ONEDRIVE\Документы\VISUAL STUDIO 2010\PROJECTS\ECO.LAB1\ASSEMBLYFILES\WINDOWS\VISUALSTUDIO_10\ECO.LAB1\DYNAMICDEBUG\1F5DF16EE1BF43B999A434ED38FE8F3A.DLL.INTERMEDIATE.MANIFEST
C:\Users\01kri\OneDrive\Документы\Visual Studio 2010\Projects\Eco.Lab1\AssemblyFiles\Windows\VisualStudio_10\Eco.Lab1\DynamicDebug\1F5DF16EE1BF43B999A434ED38FE8F3A.exp
C:\Users\01kri\OneDrive\Документы\Visual Studio 2010\Projects\Eco.Lab1\AssemblyFiles\Windows\VisualStudio_10\Eco.Lab1\DynamicDebug\1F5DF16EE1BF43B999A434ED38FE8F3A.lib
C:\USERS\01KRI\ONEDRIVE\ДОКУМЕНТЫ\VISUAL STUDIO 2010\PROJECTS\ECO.LAB1\ASSEMBLYFILES\WINDOWS\VISUALSTUDIO_10\ECO.LAB1\DYNAMICDEBUG\1F5DF16EE1BF43B999A434ED38FE8F3A.PDB
C:\USERS\01KRI\ONEDRIVE\Документы\VISUAL STUDIO 2010\PROJECTS\ECO.LAB1\ASSEMBLYFILES\WINDOWS\VISUALSTUDIO_10\ECO.LAB1\DYNAMICDEBUG\CECOLAB1.OBJ
C:\USERS\01KRI\ONEDRIVE\Документы\VISUAL STUDIO 2010\PROJECTS\ECO.LAB1\ASSEMBLYFILES\WINDOWS\VISUALSTUDIO_10\ECO.LAB1\DYNAMICDEBUG\CECOLAB1FACTORY.OBJ
C:\Users\01kri\OneDrive\Документы\Visual Studio 2010\Projects\Eco.Lab1\AssemblyFiles\Windows\VisualStudio_10\Eco.Lab1\DynamicDebug\cl.command.1.tlog
C:\Users\01kri\OneDrive\Документы\Visual Studio 2010\Projects\Eco.Lab1\AssemblyFiles\Windows\VisualStudio_10\Eco.Lab1\DynamicDebug\CL.read.1.tlog
C:\Users\01kri\OneDrive\Документы\Visual Studio 2010\Projects\Eco.Lab1\AssemblyFiles\Windows\VisualStudio_10\Eco.Lab1\DynamicDebug\CL.write.1.tlog
C:\Users\01kri\OneDrive\Документы\Visual Studio 2010\Projects\Eco.Lab1\AssemblyFiles\Windows\VisualStudio_10\Eco.Lab1\DynamicDebug\Eco.Lab1.vcxprojResolveAssemblyReference.cache
C:\Users\01kri\OneDrive\Документы\Visual Studio 2010\Projects\Eco.Lab1\AssemblyFiles\Windows\VisualStudio_10\Eco.Lab1\DynamicDebug\Eco.Lab1.write.1.tlog
C:\Users\01kri\OneDrive\Документы\Visual Studio 2010\Projects\Eco.Lab1\AssemblyFiles\Windows\VisualStudio_10\Eco.Lab1\DynamicDebug\link.command.1.tlog
C:\Users\01kri\OneDrive\Документы\Visual Studio 2010\Projects\Eco.Lab1\AssemblyFiles\Windows\VisualStudio_10\Eco.Lab1\DynamicDebug\link.read.1.tlog
C:\Users\01kri\OneDrive\Документы\Visual Studio 2010\Projects\Eco.Lab1\AssemblyFiles\Windows\VisualStudio_10\Eco.Lab1\DynamicDebug\link.write.1.tlog
C:\Users\01kri\OneDrive\Документы\Visual Studio 2010\Projects\Eco.Lab1\AssemblyFiles\Windows\VisualStudio_10\Eco.Lab1\DynamicDebug\mt.command.1.tlog
C:\Users\01kri\OneDrive\Документы\Visual Studio 2010\Projects\Eco.Lab1\AssemblyFiles\Windows\VisualStudio_10\Eco.Lab1\DynamicDebug\mt.read.1.tlog
C:\Users\01kri\OneDrive\Документы\Visual Studio 2010\Projects\Eco.Lab1\AssemblyFiles\Windows\VisualStudio_10\Eco.Lab1\DynamicDebug\mt.write.1.tlog
C:\Users\01kri\OneDrive\Документы\Visual Studio 2010\Projects\Eco.Lab1\AssemblyFiles\Windows\VisualStudio_10\Eco.Lab1\DynamicDebug\vc100.idb
C:\USERS\01KRI\ONEDRIVE\ДОКУМЕНТЫ\VISUAL STUDIO 2010\PROJECTS\ECO.LAB1\ASSEMBLYFILES\WINDOWS\VISUALSTUDIO_10\ECO.LAB1\DYNAMICDEBUG\VC100.PDB
C:\USERS\01KRI\ONEDRIVE\Документы\VISUAL STUDIO 2010\PROJECTS\ECO.LAB1\BUILDFILES\WINDOWS\X86\DYNAMICDEBUG\1F5DF16EE1BF43B999A434ED38FE8F3A.DLL
C:\USERS\01KRI\ONEDRIVE\Документы\VISUAL STUDIO 2010\PROJECTS\ECO.LAB1\BUILDFILES\WINDOWS\X86\DYNAMICDEBUG\1F5DF16EE1BF43B999A434ED38FE8F3A.ILK
